# JRE version: Java(TM) SE Runtime Environment (8.0_51-b16) (build 1.8.0_51-b16)
# Java VM: Java HotSpot(TM) Client VM (25.51-b03 mixed mode, sharing windows-x86 )
Heap:
 def new generation   total 78656K, used 68552K [0x07000000, 0x0c550000, 0x0c550000)
  eden space 69952K,  98% used [0x07000000, 0x0b2f23e0, 0x0b450000)
  from space 8704K,   0% used [0x0bcd0000, 0x0bcd0000, 0x0c550000)
  to   space 8704K,   0% used [0x0b450000, 0x0b450000, 0x0bcd0000)
 tenured generation   total 174784K, used 117834K [0x0c550000, 0x17000000, 0x17000000)
   the space 174784K,  67% used [0x0c550000, 0x13862920, 0x13862a00, 0x17000000)
 Metaspace       used 1049K, capacity 3170K, committed 3264K, reserved 4480K
GC Heap History (10 events):
Event: 21.748 GC heap before
{Heap before GC invocations=50 (full 26):
 def new generation   total 78656K, used 69951K [0x07000000, 0x0c550000, 0x0c550000)
  eden space 69952K,  99% used [0x07000000, 0x0b44fff0, 0x0b450000)
  from space 8704K,   0% used [0x0b450000, 0x0b450000, 0x0bcd0000)
  to   space 8704K,   0% used [0x0bcd0000, 0x0bcd0000, 0x0c550000)
 tenured generation   total 174784K, used 121838K [0x0c550000, 0x17000000, 0x17000000)
   the space 174784K,  69% used [0x0c550000, 0x13c4b900, 0x13c4ba00, 0x17000000)
 Metaspace       used 1048K, capacity 3170K, committed 3264K, reserved 4480K
Event: 21.949 GC heap after
Heap after GC invocations=51 (full 27):
 def new generation   total 78656K, used 0K [0x07000000, 0x0c550000, 0x0c550000)
  eden space 69952K,   0% used [0x07000000, 0x07000000, 0x0b450000)
  from space 8704K,   0% used [0x0b450000, 0x0b450000, 0x0bcd0000)
  to   space 8704K,   0% used [0x0bcd0000, 0x0bcd0000, 0x0c550000)
 tenured generation   total 174784K, used 116230K [0x0c550000, 0x17000000, 0x17000000)
   the space 174784K,  66% used [0x0c550000, 0x136d1838, 0x136d1a00, 0x17000000)
 Metaspace       used 1048K, capacity 3170K, committed 3264K, reserved 4480K
}
Event: 22.575 GC heap before
{Heap before GC invocations=51 (full 27):
 def new generation   total 78656K, used 69952K [0x07000000, 0x0c550000, 0x0c550000)
  eden space 69952K, 100% used [0x07000000, 0x0b450000, 0x0b450000)
  from space 8704K,   0% used [0x0b450000, 0x0b450000, 0x0bcd0000)
  to   space 8704K,   0% used [0x0bcd0000, 0x0bcd0000, 0x0c550000)
 tenured generation   total 174784K, used 116230K [0x0c550000, 0x17000000, 0x17000000)
   the space 174784K,  66% used [0x0c550000, 0x136d1838, 0x136d1a00, 0x17000000)
 Metaspace       used 1048K, capacity 3170K, committed 3264K, reserved 4480K
Event: 22.752 GC heap after
Heap after GC invocations=52 (full 28):
 def new generation   total 78656K, used 0K [0x07000000, 0x0c550000, 0x0c550000)
  eden space 69952K,   0% used [0x07000000, 0x07000000, 0x0b450000)
  from space 8704K,   0% used [0x0b450000, 0x0b450000, 0x0bcd0000)
  to   space 8704K,   0% used [0x0bcd0000, 0x0bcd0000, 0x0c550000)
 tenured generation   total 174784K, used 97830K [0x0c550000, 0x17000000, 0x17000000)
   the space 174784K,  55% used [0x0c550000, 0x124d9aa0, 0x124d9c00, 0x17000000)
 Metaspace       used 1048K, capacity 3170K, committed 3264K, reserved 4480K
}
Event: 23.386 GC heap before
{Heap before GC invocations=52 (full 28):
 def new generation   total 78656K, used 69951K [0x07000000, 0x0c550000, 0x0c550000)
  eden space 69952K,  99% used [0x07000000, 0x0b44fff0, 0x0b450000)
  from space 8704K,   0% used [0x0b450000, 0x0b450000, 0x0bcd0000)
  to   space 8704K,   0% used [0x0bcd0000, 0x0bcd0000, 0x0c550000)
 tenured generation   total 174784K, used 97830K [0x0c550000, 0x17000000, 0x17000000)
   the space 174784K,  55% used [0x0c550000, 0x124d9aa0, 0x124d9c00, 0x17000000)
 Metaspace       used 1048K, capacity 3170K, committed 3264K, reserved 4480K
Event: 23.499 GC heap after
Heap after GC invocations=53 (full 28):
 def new generation   total 78656K, used 8703K [0x07000000, 0x0c550000, 0x0c550000)
  eden space 69952K,   0% used [0x07000000, 0x07000000, 0x0b450000)
  from space 8704K,  99% used [0x0bcd0000, 0x0c54fff0, 0x0c550000)
  to   space 8704K,   0% used [0x0b450000, 0x0b450000, 0x0bcd0000)
 tenured generation   total 174784K, used 158563K [0x0c550000, 0x17000000, 0x17000000)
   the space 174784K,  90% used [0x0c550000, 0x16028c70, 0x16028e00, 0x17000000)
 Metaspace       used 1048K, capacity 3170K, committed 3264K, reserved 4480K
}
Event: 24.099 GC heap before
{Heap before GC invocations=53 (full 28):
 def new generation   total 78656K, used 78655K [0x07000000, 0x0c550000, 0x0c550000)
  eden space 69952K, 100% used [0x07000000, 0x0b450000, 0x0b450000)
  from space 8704K,  99% used [0x0bcd0000, 0x0c54fff0, 0x0c550000)
  to   space 8704K,   0% used [0x0b450000, 0x0b450000, 0x0bcd0000)
 tenured generation   total 174784K, used 158563K [0x0c550000, 0x17000000, 0x17000000)
   the space 174784K,  90% used [0x0c550000, 0x16028c70, 0x16028e00, 0x17000000)
 Metaspace       used 1048K, capacity 3170K, committed 3264K, reserved 4480K
Event: 24.347 GC heap after
Heap after GC invocations=54 (full 29):
 def new generation   total 78656K, used 0K [0x07000000, 0x0c550000, 0x0c550000)
  eden space 69952K,   0% used [0x07000000, 0x07000000, 0x0b450000)
  from space 8704K,   0% used [0x0bcd0000, 0x0bcd0000, 0x0c550000)
  to   space 8704K,   0% used [0x0b450000, 0x0b450000, 0x0bcd0000)
 tenured generation   total 174784K, used 115968K [0x0c550000, 0x17000000, 0x17000000)
   the space 174784K,  66% used [0x0c550000, 0x136901f0, 0x13690200, 0x17000000)
 Metaspace       used 1048K, capacity 3170K, committed 3264K, reserved 4480K
}
Event: 24.999 GC heap before
{Heap before GC invocations=54 (full 29):
 def new generation   total 78656K, used 69951K [0x07000000, 0x0c550000, 0x0c550000)
  eden space 69952K,  99% used [0x07000000, 0x0b44fff0, 0x0b450000)
  from space 8704K,   0% used [0x0bcd0000, 0x0bcd0000, 0x0c550000)
  to   space 8704K,   0% used [0x0b450000, 0x0b450000, 0x0bcd0000)
 tenured generation   total 174784K, used 115968K [0x0c550000, 0x17000000, 0x17000000)
   the space 174784K,  66% used [0x0c550000, 0x136901f0, 0x13690200, 0x17000000)
 Metaspace       used 1048K, capacity 3170K, committed 3264K, reserved 4480K
Event: 25.212 GC heap after
Heap after GC invocations=55 (full 30):
 def new generation   total 78656K, used 0K [0x07000000, 0x0c550000, 0x0c550000)
  eden space 69952K,   0% used [0x07000000, 0x07000000, 0x0b450000)
  from space 8704K,   0% used [0x0bcd0000, 0x0bcd0000, 0x0c550000)
  to   space 8704K,   0% used [0x0b450000, 0x0b450000, 0x0bcd0000)
 tenured generation   total 174784K, used 117834K [0x0c550000, 0x17000000, 0x17000000)
   the space 174784K,  67% used [0x0c550000, 0x13862920, 0x13862a00, 0x17000000)
 Metaspace       used 1048K, capacity 3170K, committed 3264K, reserved 4480K
}

